<?xml version="1.0" encoding="UTF-8"?>
<coverage generated="1626629853655" clover="3.2.0">
  <project timestamp="1626629853656" name="All files">
    <metrics statements="63" coveredstatements="63" conditionals="4" coveredconditionals="4" methods="5" coveredmethods="5" elements="72" coveredelements="72" complexity="0" loc="63" ncloc="63" packages="3" files="5" classes="5"/>
    <package name="lib">
      <metrics statements="7" coveredstatements="7" conditionals="0" coveredconditionals="0" methods="2" coveredmethods="2"/>
      <file name="environment.ts" path="/Users/shuyakinjo/Develop/todo-rest-api/lib/environment.ts">
        <metrics statements="5" coveredstatements="5" conditionals="0" coveredconditionals="0" methods="1" coveredmethods="1"/>
        <line num="4" count="1" type="stmt"/>
        <line num="21" count="1" type="stmt"/>
        <line num="41" count="1" type="stmt"/>
        <line num="64" count="1" type="stmt"/>
        <line num="65" count="3" type="stmt"/>
      </file>
      <file name="utility.ts" path="/Users/shuyakinjo/Develop/todo-rest-api/lib/utility.ts">
        <metrics statements="2" coveredstatements="2" conditionals="0" coveredconditionals="0" methods="1" coveredmethods="1"/>
        <line num="11" count="1" type="stmt"/>
        <line num="12" count="153" type="stmt"/>
      </file>
    </package>
    <package name="lib.construct">
      <metrics statements="46" coveredstatements="46" conditionals="4" coveredconditionals="4" methods="2" coveredmethods="2"/>
      <file name="authentication.ts" path="/Users/shuyakinjo/Develop/todo-rest-api/lib/construct/authentication.ts">
        <metrics statements="13" coveredstatements="13" conditionals="2" coveredconditionals="2" methods="1" coveredmethods="1"/>
        <line num="1" count="1" type="stmt"/>
        <line num="2" count="1" type="stmt"/>
        <line num="3" count="1" type="stmt"/>
        <line num="4" count="1" type="stmt"/>
        <line num="11" count="1" type="stmt"/>
        <line num="17" count="9" type="stmt"/>
        <line num="19" count="9" type="stmt"/>
        <line num="20" count="9" type="stmt"/>
        <line num="24" count="9" type="stmt"/>
        <line num="27" count="9" type="stmt"/>
        <line num="38" count="9" type="stmt"/>
        <line num="46" count="9" type="stmt"/>
        <line num="48" count="9" type="stmt"/>
      </file>
      <file name="serverlessApi.ts" path="/Users/shuyakinjo/Develop/todo-rest-api/lib/construct/serverlessApi.ts">
        <metrics statements="33" coveredstatements="33" conditionals="2" coveredconditionals="2" methods="1" coveredmethods="1"/>
        <line num="1" count="1" type="stmt"/>
        <line num="2" count="1" type="stmt"/>
        <line num="3" count="1" type="stmt"/>
        <line num="4" count="1" type="stmt"/>
        <line num="5" count="1" type="stmt"/>
        <line num="6" count="1" type="stmt"/>
        <line num="8" count="1" type="stmt"/>
        <line num="9" count="1" type="stmt"/>
        <line num="18" count="1" type="stmt"/>
        <line num="21" count="6" type="stmt"/>
        <line num="31" count="6" type="stmt"/>
        <line num="33" count="6" type="stmt"/>
        <line num="34" count="6" type="stmt"/>
        <line num="40" count="6" type="stmt"/>
        <line num="43" count="6" type="stmt"/>
        <line num="58" count="6" type="stmt"/>
        <line num="72" count="6" type="stmt"/>
        <line num="86" count="6" type="stmt"/>
        <line num="100" count="6" type="stmt"/>
        <line num="114" count="6" type="stmt"/>
        <line num="128" count="6" type="stmt"/>
        <line num="147" count="6" type="stmt"/>
        <line num="860" count="6" type="stmt"/>
        <line num="885" count="6" type="stmt"/>
        <line num="889" count="6" type="stmt"/>
        <line num="893" count="6" type="stmt"/>
        <line num="897" count="6" type="stmt"/>
        <line num="901" count="6" type="stmt"/>
        <line num="907" count="6" type="stmt"/>
        <line num="908" count="6" type="stmt"/>
        <line num="909" count="6" type="stmt"/>
        <line num="910" count="6" type="stmt"/>
        <line num="911" count="6" type="stmt"/>
      </file>
    </package>
    <package name="lib.stack">
      <metrics statements="10" coveredstatements="10" conditionals="0" coveredconditionals="0" methods="1" coveredmethods="1"/>
      <file name="app-stack.ts" path="/Users/shuyakinjo/Develop/todo-rest-api/lib/stack/app-stack.ts">
        <metrics statements="10" coveredstatements="10" conditionals="0" coveredconditionals="0" methods="1" coveredmethods="1"/>
        <line num="1" count="1" type="stmt"/>
        <line num="2" count="1" type="stmt"/>
        <line num="4" count="1" type="stmt"/>
        <line num="5" count="1" type="stmt"/>
        <line num="8" count="1" type="stmt"/>
        <line num="15" count="3" type="stmt"/>
        <line num="17" count="3" type="stmt"/>
        <line num="18" count="3" type="stmt"/>
        <line num="21" count="3" type="stmt"/>
        <line num="28" count="3" type="stmt"/>
      </file>
    </package>
  </project>
</coverage>
