{"/Users/shuyakinjo/Develop/todo-rest-api/lib/environment.ts": {"path":"/Users/shuyakinjo/Develop/todo-rest-api/lib/environment.ts","statementMap":{"0":{"start":{"line":4,"column":13},"end":{"line":8,"column":11}},"1":{"start":{"line":21,"column":45},"end":{"line":24,"column":2}},"2":{"start":{"line":41,"column":4},"end":{"line":57,"column":2}},"3":{"start":{"line":65,"column":2},"end":{"line":65,"column":41}},"4":{"start":{"line":64,"column":0},"end":{"line":64,"column":16}}},"fnMap":{"0":{"name":"getVariablesOf","decl":{"start":{"line":64,"column":16},"end":{"line":64,"column":30}},"loc":{"start":{"line":64,"column":48},"end":{"line":66,"column":1}}}},"branchMap":{},"s":{"0":1,"1":1,"2":1,"3":3,"4":1},"f":{"0":3},"b":{}}
,"/Users/shuyakinjo/Develop/todo-rest-api/lib/utility.ts": {"path":"/Users/shuyakinjo/Develop/todo-rest-api/lib/utility.ts","statementMap":{"0":{"start":{"line":11,"column":13},"end":{"line":13,"column":2}},"1":{"start":{"line":12,"column":4},"end":{"line":12,"column":null}}},"fnMap":{"0":{"name":"(anonymous_0)","decl":{"start":{"line":11,"column":36},"end":{"line":11,"column":37}},"loc":{"start":{"line":11,"column":101},"end":{"line":13,"column":1}}}},"branchMap":{},"s":{"0":1,"1":153},"f":{"0":153},"b":{}}
,"/Users/shuyakinjo/Develop/todo-rest-api/lib/construct/authentication.ts": {"path":"/Users/shuyakinjo/Develop/todo-rest-api/lib/construct/authentication.ts","statementMap":{"0":{"start":{"line":1,"column":0},"end":{"line":1,"column":37}},"1":{"start":{"line":2,"column":0},"end":{"line":2,"column":50}},"2":{"start":{"line":3,"column":0},"end":{"line":3,"column":49}},"3":{"start":{"line":4,"column":0},"end":{"line":4,"column":46}},"4":{"start":{"line":17,"column":4},"end":{"line":17,"column":21}},"5":{"start":{"line":19,"column":24},"end":{"line":19,"column":62}},"6":{"start":{"line":20,"column":16},"end":{"line":20,"column":54}},"7":{"start":{"line":24,"column":4},"end":{"line":26,"column":33}},"8":{"start":{"line":27,"column":4},"end":{"line":36,"column":7}},"9":{"start":{"line":38,"column":4},"end":{"line":44,"column":7}},"10":{"start":{"line":46,"column":4},"end":{"line":46,"column":null}},"11":{"start":{"line":48,"column":4},"end":{"line":51,"column":null}},"12":{"start":{"line":11,"column":0},"end":{"line":11,"column":13}}},"fnMap":{"0":{"name":"(anonymous_0)","decl":{"start":{"line":16,"column":2},"end":{"line":16,"column":14}},"loc":{"start":{"line":16,"column":74},"end":{"line":52,"column":3}}}},"branchMap":{"0":{"loc":{"start":{"line":25,"column":8},"end":{"line":25,"column":32}},"type":"cond-expr","locations":[{"start":{"line":25,"column":8},"end":{"line":25,"column":32}},{"start":{"line":26,"column":8},"end":{"line":26,"column":33}}]}},"s":{"0":1,"1":1,"2":1,"3":1,"4":9,"5":9,"6":9,"7":9,"8":9,"9":9,"10":9,"11":9,"12":1},"f":{"0":9},"b":{"0":[3,6]}}
,"/Users/shuyakinjo/Develop/todo-rest-api/lib/construct/serverlessApi.ts": {"path":"/Users/shuyakinjo/Develop/todo-rest-api/lib/construct/serverlessApi.ts","statementMap":{"0":{"start":{"line":1,"column":0},"end":{"line":1,"column":37}},"1":{"start":{"line":2,"column":0},"end":{"line":2,"column":50}},"2":{"start":{"line":3,"column":0},"end":{"line":3,"column":46}},"3":{"start":{"line":4,"column":0},"end":{"line":4,"column":46}},"4":{"start":{"line":5,"column":0},"end":{"line":5,"column":52}},"5":{"start":{"line":6,"column":0},"end":{"line":6,"column":42}},"6":{"start":{"line":8,"column":0},"end":{"line":8,"column":49}},"7":{"start":{"line":9,"column":0},"end":{"line":9,"column":50}},"8":{"start":{"line":31,"column":4},"end":{"line":31,"column":21}},"9":{"start":{"line":21,"column":10},"end":{"line":21,"column":53}},"10":{"start":{"line":33,"column":24},"end":{"line":33,"column":62}},"11":{"start":{"line":34,"column":16},"end":{"line":34,"column":54}},"12":{"start":{"line":40,"column":6},"end":{"line":42,"column":35}},"13":{"start":{"line":43,"column":22},"end":{"line":52,"column":null}},"14":{"start":{"line":58,"column":28},"end":{"line":70,"column":null}},"15":{"start":{"line":72,"column":30},"end":{"line":84,"column":null}},"16":{"start":{"line":86,"column":28},"end":{"line":98,"column":null}},"17":{"start":{"line":100,"column":27},"end":{"line":112,"column":null}},"18":{"start":{"line":114,"column":30},"end":{"line":126,"column":null}},"19":{"start":{"line":128,"column":30},"end":{"line":140,"column":null}},"20":{"start":{"line":147,"column":4},"end":{"line":858,"column":6}},"21":{"start":{"line":860,"column":16},"end":{"line":881,"column":null}},"22":{"start":{"line":885,"column":4},"end":{"line":888,"column":7}},"23":{"start":{"line":889,"column":4},"end":{"line":892,"column":7}},"24":{"start":{"line":893,"column":4},"end":{"line":896,"column":7}},"25":{"start":{"line":897,"column":4},"end":{"line":900,"column":7}},"26":{"start":{"line":901,"column":4},"end":{"line":904,"column":7}},"27":{"start":{"line":907,"column":4},"end":{"line":907,"column":45}},"28":{"start":{"line":908,"column":4},"end":{"line":908,"column":44}},"29":{"start":{"line":909,"column":4},"end":{"line":909,"column":48}},"30":{"start":{"line":910,"column":4},"end":{"line":910,"column":48}},"31":{"start":{"line":911,"column":4},"end":{"line":911,"column":48}},"32":{"start":{"line":18,"column":0},"end":{"line":18,"column":13}}},"fnMap":{"0":{"name":"(anonymous_0)","decl":{"start":{"line":30,"column":2},"end":{"line":30,"column":14}},"loc":{"start":{"line":30,"column":73},"end":{"line":936,"column":3}}}},"branchMap":{"0":{"loc":{"start":{"line":41,"column":10},"end":{"line":41,"column":34}},"type":"cond-expr","locations":[{"start":{"line":41,"column":10},"end":{"line":41,"column":34}},{"start":{"line":42,"column":10},"end":{"line":42,"column":35}}]}},"s":{"0":1,"1":1,"2":1,"3":1,"4":1,"5":1,"6":1,"7":1,"8":6,"9":6,"10":6,"11":6,"12":6,"13":6,"14":6,"15":6,"16":6,"17":6,"18":6,"19":6,"20":6,"21":6,"22":6,"23":6,"24":6,"25":6,"26":6,"27":6,"28":6,"29":6,"30":6,"31":6,"32":1},"f":{"0":6},"b":{"0":[2,4]}}
,"/Users/shuyakinjo/Develop/todo-rest-api/lib/stack/app-stack.ts": {"path":"/Users/shuyakinjo/Develop/todo-rest-api/lib/stack/app-stack.ts","statementMap":{"0":{"start":{"line":1,"column":0},"end":{"line":1,"column":37}},"1":{"start":{"line":2,"column":0},"end":{"line":2,"column":50}},"2":{"start":{"line":4,"column":0},"end":{"line":4,"column":61}},"3":{"start":{"line":5,"column":0},"end":{"line":5,"column":59}},"4":{"start":{"line":15,"column":4},"end":{"line":15,"column":28}},"5":{"start":{"line":17,"column":24},"end":{"line":17,"column":56}},"6":{"start":{"line":18,"column":16},"end":{"line":18,"column":48}},"7":{"start":{"line":21,"column":17},"end":{"line":24,"column":null}},"8":{"start":{"line":28,"column":26},"end":{"line":36,"column":null}},"9":{"start":{"line":8,"column":0},"end":{"line":8,"column":13}}},"fnMap":{"0":{"name":"(anonymous_0)","decl":{"start":{"line":9,"column":2},"end":{"line":9,"column":null}},"loc":{"start":{"line":13,"column":26},"end":{"line":38,"column":3}}}},"branchMap":{},"s":{"0":1,"1":1,"2":1,"3":1,"4":3,"5":3,"6":3,"7":3,"8":3,"9":1},"f":{"0":3},"b":{}}
}
