{"/Users/shuyakinjo/Develop/todo-rest-api/lambda/domains/errorUseCase.ts": {"path":"/Users/shuyakinjo/Develop/todo-rest-api/lambda/domains/errorUseCase.ts","statementMap":{"0":{"start":{"line":8,"column":4},"end":{"line":8,"column":13}},"1":{"start":{"line":9,"column":4},"end":{"line":9,"column":32}},"2":{"start":{"line":21,"column":11},"end":{"line":21,"column":28}},"3":{"start":{"line":20,"column":0},"end":{"line":20,"column":13}},"4":{"start":{"line":32,"column":9},"end":{"line":32,"column":26}},"5":{"start":{"line":31,"column":0},"end":{"line":31,"column":13}},"6":{"start":{"line":43,"column":9},"end":{"line":43,"column":26}},"7":{"start":{"line":42,"column":0},"end":{"line":42,"column":13}},"8":{"start":{"line":62,"column":0},"end":{"line":62,"column":13}},"9":{"start":{"line":63,"column":9},"end":{"line":65,"column":4}},"10":{"start":{"line":64,"column":4},"end":{"line":64,"column":35}},"11":{"start":{"line":67,"column":9},"end":{"line":69,"column":4}},"12":{"start":{"line":68,"column":4},"end":{"line":68,"column":38}},"13":{"start":{"line":71,"column":9},"end":{"line":73,"column":4}},"14":{"start":{"line":72,"column":4},"end":{"line":72,"column":28}},"15":{"start":{"line":75,"column":9},"end":{"line":77,"column":4}},"16":{"start":{"line":76,"column":4},"end":{"line":76,"column":59}},"17":{"start":{"line":79,"column":9},"end":{"line":81,"column":4}},"18":{"start":{"line":80,"column":4},"end":{"line":80,"column":30}},"19":{"start":{"line":82,"column":9},"end":{"line":84,"column":4}},"20":{"start":{"line":83,"column":4},"end":{"line":83,"column":37}}},"fnMap":{"0":{"name":"(anonymous_0)","decl":{"start":{"line":7,"column":2},"end":{"line":7,"column":14}},"loc":{"start":{"line":7,"column":24},"end":{"line":10,"column":3}}},"1":{"name":"(anonymous_1)","decl":{"start":{"line":20,"column":0},"end":{"line":20,"column":13}},"loc":{"start":{"line":20,"column":0},"end":{"line":22,"column":1}}},"2":{"name":"(anonymous_2)","decl":{"start":{"line":31,"column":0},"end":{"line":31,"column":13}},"loc":{"start":{"line":31,"column":0},"end":{"line":33,"column":1}}},"3":{"name":"(anonymous_3)","decl":{"start":{"line":42,"column":0},"end":{"line":42,"column":13}},"loc":{"start":{"line":42,"column":0},"end":{"line":44,"column":1}}},"4":{"name":"(anonymous_4)","decl":{"start":{"line":63,"column":21},"end":{"line":63,"column":22}},"loc":{"start":{"line":63,"column":40},"end":{"line":65,"column":3}}},"5":{"name":"(anonymous_5)","decl":{"start":{"line":67,"column":26},"end":{"line":67,"column":29}},"loc":{"start":{"line":67,"column":31},"end":{"line":69,"column":3}}},"6":{"name":"(anonymous_6)","decl":{"start":{"line":71,"column":28},"end":{"line":71,"column":31}},"loc":{"start":{"line":71,"column":33},"end":{"line":73,"column":3}}},"7":{"name":"(anonymous_7)","decl":{"start":{"line":75,"column":32},"end":{"line":75,"column":33}},"loc":{"start":{"line":75,"column":53},"end":{"line":77,"column":3}}},"8":{"name":"(anonymous_8)","decl":{"start":{"line":79,"column":25},"end":{"line":79,"column":28}},"loc":{"start":{"line":79,"column":30},"end":{"line":81,"column":3}}},"9":{"name":"(anonymous_9)","decl":{"start":{"line":82,"column":25},"end":{"line":82,"column":28}},"loc":{"start":{"line":82,"column":30},"end":{"line":84,"column":3}}}},"branchMap":{},"s":{"0":3,"1":3,"2":0,"3":3,"4":3,"5":3,"6":0,"7":3,"8":3,"9":3,"10":3,"11":3,"12":0,"13":3,"14":0,"15":3,"16":0,"17":3,"18":0,"19":3,"20":0},"f":{"0":3,"1":0,"2":3,"3":0,"4":3,"5":0,"6":0,"7":0,"8":0,"9":0},"b":{}}
,"/Users/shuyakinjo/Develop/todo-rest-api/lambda/domains/todoUseCase.ts": {"path":"/Users/shuyakinjo/Develop/todo-rest-api/lambda/domains/todoUseCase.ts","statementMap":{"0":{"start":{"line":1,"column":0},"end":{"line":1,"column":61}},"1":{"start":{"line":2,"column":0},"end":{"line":2,"column":73}},"2":{"start":{"line":3,"column":0},"end":{"line":3,"column":70}},"3":{"start":{"line":19,"column":4},"end":{"line":19,"column":64}},"4":{"start":{"line":30,"column":4},"end":{"line":32,"column":6}},"5":{"start":{"line":33,"column":19},"end":{"line":33,"column":38}},"6":{"start":{"line":34,"column":23},"end":{"line":37,"column":6}},"7":{"start":{"line":39,"column":4},"end":{"line":39,"column":67}},"8":{"start":{"line":41,"column":4},"end":{"line":44,"column":null}},"9":{"start":{"line":42,"column":6},"end":{"line":42,"column":44}},"10":{"start":{"line":43,"column":6},"end":{"line":43,"column":75}},"11":{"start":{"line":45,"column":15},"end":{"line":52,"column":6}},"12":{"start":{"line":54,"column":4},"end":{"line":56,"column":null}},"13":{"start":{"line":55,"column":6},"end":{"line":55,"column":48}},"14":{"start":{"line":57,"column":4},"end":{"line":59,"column":null}},"15":{"start":{"line":58,"column":6},"end":{"line":58,"column":48}},"16":{"start":{"line":60,"column":4},"end":{"line":62,"column":null}},"17":{"start":{"line":61,"column":6},"end":{"line":61,"column":46}},"18":{"start":{"line":63,"column":4},"end":{"line":65,"column":null}},"19":{"start":{"line":64,"column":6},"end":{"line":64,"column":50}},"20":{"start":{"line":66,"column":4},"end":{"line":68,"column":null}},"21":{"start":{"line":67,"column":6},"end":{"line":67,"column":50}},"22":{"start":{"line":69,"column":4},"end":{"line":71,"column":null}},"23":{"start":{"line":70,"column":6},"end":{"line":70,"column":59}},"24":{"start":{"line":73,"column":4},"end":{"line":75,"column":6}},"25":{"start":{"line":77,"column":4},"end":{"line":77,"column":16}},"26":{"start":{"line":10,"column":0},"end":{"line":10,"column":13}}},"fnMap":{"0":{"name":"(anonymous_0)","decl":{"start":{"line":18,"column":2},"end":{"line":18,"column":14}},"loc":{"start":{"line":18,"column":27},"end":{"line":20,"column":3}}},"1":{"name":"(anonymous_1)","decl":{"start":{"line":29,"column":9},"end":{"line":29,"column":14}},"loc":{"start":{"line":29,"column":61},"end":{"line":78,"column":3}}}},"branchMap":{"0":{"loc":{"start":{"line":41,"column":4},"end":{"line":44,"column":null}},"type":"if","locations":[{"start":{"line":41,"column":4},"end":{"line":44,"column":null}},{"start":{"line":41,"column":4},"end":{"line":44,"column":null}}]},"1":{"loc":{"start":{"line":54,"column":4},"end":{"line":56,"column":null}},"type":"if","locations":[{"start":{"line":54,"column":4},"end":{"line":56,"column":null}},{"start":{"line":54,"column":4},"end":{"line":56,"column":null}}]},"2":{"loc":{"start":{"line":57,"column":4},"end":{"line":59,"column":null}},"type":"if","locations":[{"start":{"line":57,"column":4},"end":{"line":59,"column":null}},{"start":{"line":57,"column":4},"end":{"line":59,"column":null}}]},"3":{"loc":{"start":{"line":60,"column":4},"end":{"line":62,"column":null}},"type":"if","locations":[{"start":{"line":60,"column":4},"end":{"line":62,"column":null}},{"start":{"line":60,"column":4},"end":{"line":62,"column":null}}]},"4":{"loc":{"start":{"line":63,"column":4},"end":{"line":65,"column":null}},"type":"if","locations":[{"start":{"line":63,"column":4},"end":{"line":65,"column":null}},{"start":{"line":63,"column":4},"end":{"line":65,"column":null}}]},"5":{"loc":{"start":{"line":66,"column":4},"end":{"line":68,"column":null}},"type":"if","locations":[{"start":{"line":66,"column":4},"end":{"line":68,"column":null}},{"start":{"line":66,"column":4},"end":{"line":68,"column":null}}]},"6":{"loc":{"start":{"line":69,"column":4},"end":{"line":71,"column":null}},"type":"if","locations":[{"start":{"line":69,"column":4},"end":{"line":71,"column":null}},{"start":{"line":69,"column":4},"end":{"line":71,"column":null}}]}},"s":{"0":1,"1":1,"2":1,"3":3,"4":4,"5":4,"6":4,"7":4,"8":4,"9":2,"10":2,"11":2,"12":2,"13":1,"14":2,"15":1,"16":2,"17":1,"18":2,"19":1,"20":2,"21":1,"22":2,"23":1,"24":2,"25":2,"26":1},"f":{"0":3,"1":4},"b":{"0":[2,2],"1":[1,1],"2":[1,1],"3":[1,1],"4":[1,1],"5":[1,1],"6":[1,1]}}
,"/Users/shuyakinjo/Develop/todo-rest-api/lambda/handlers/getTodosHandler.ts": {"path":"/Users/shuyakinjo/Develop/todo-rest-api/lambda/handlers/getTodosHandler.ts","statementMap":{"0":{"start":{"line":5,"column":0},"end":{"line":5,"column":51}},"1":{"start":{"line":6,"column":0},"end":{"line":6,"column":null}},"2":{"start":{"line":10,"column":13},"end":{"line":53,"column":2}},"3":{"start":{"line":13,"column":2},"end":{"line":13,"column":null}},"4":{"start":{"line":14,"column":2},"end":{"line":14,"column":null}},"5":{"start":{"line":17,"column":16},"end":{"line":17,"column":46}},"6":{"start":{"line":18,"column":25},"end":{"line":18,"column":45}},"7":{"start":{"line":19,"column":17},"end":{"line":19,"column":39}},"8":{"start":{"line":22,"column":2},"end":{"line":28,"column":null}},"9":{"start":{"line":23,"column":4},"end":{"line":23,"column":null}},"10":{"start":{"line":24,"column":4},"end":{"line":27,"column":6}},"11":{"start":{"line":29,"column":2},"end":{"line":35,"column":null}},"12":{"start":{"line":30,"column":4},"end":{"line":30,"column":null}},"13":{"start":{"line":31,"column":4},"end":{"line":34,"column":6}},"14":{"start":{"line":38,"column":23},"end":{"line":38,"column":45}},"15":{"start":{"line":39,"column":2},"end":{"line":52,"column":null}},"16":{"start":{"line":40,"column":4},"end":{"line":40,"column":null}},"17":{"start":{"line":41,"column":17},"end":{"line":41,"column":71}},"18":{"start":{"line":42,"column":4},"end":{"line":42,"column":59}},"19":{"start":{"line":44,"column":4},"end":{"line":44,"column":null}},"20":{"start":{"line":46,"column":4},"end":{"line":51,"column":null}},"21":{"start":{"line":47,"column":6},"end":{"line":47,"column":72}},"22":{"start":{"line":50,"column":6},"end":{"line":50,"column":59}}},"fnMap":{"0":{"name":"(anonymous_0)","decl":{"start":{"line":10,"column":23},"end":{"line":10,"column":28}},"loc":{"start":{"line":12,"column":48},"end":{"line":53,"column":1}}}},"branchMap":{"0":{"loc":{"start":{"line":19,"column":31},"end":{"line":19,"column":33}},"type":"cond-expr","locations":[{"start":{"line":19,"column":31},"end":{"line":19,"column":33}},{"start":{"line":19,"column":17},"end":{"line":19,"column":39}}]},"1":{"loc":{"start":{"line":19,"column":17},"end":{"line":19,"column":33}},"type":"binary-expr","locations":[{"start":{"line":19,"column":17},"end":{"line":19,"column":33}},{"start":{"line":19,"column":17},"end":{"line":19,"column":33}}]},"2":{"loc":{"start":{"line":22,"column":2},"end":{"line":28,"column":null}},"type":"if","locations":[{"start":{"line":22,"column":2},"end":{"line":28,"column":null}},{"start":{"line":22,"column":2},"end":{"line":28,"column":null}}]},"3":{"loc":{"start":{"line":29,"column":2},"end":{"line":35,"column":null}},"type":"if","locations":[{"start":{"line":29,"column":2},"end":{"line":35,"column":null}},{"start":{"line":29,"column":2},"end":{"line":35,"column":null}}]},"4":{"loc":{"start":{"line":46,"column":4},"end":{"line":51,"column":null}},"type":"if","locations":[{"start":{"line":46,"column":4},"end":{"line":51,"column":null}},{"start":{"line":46,"column":4},"end":{"line":51,"column":null}}]}},"s":{"0":0,"1":0,"2":0,"3":0,"4":0,"5":0,"6":0,"7":0,"8":0,"9":0,"10":0,"11":0,"12":0,"13":0,"14":0,"15":0,"16":0,"17":0,"18":0,"19":0,"20":0,"21":0,"22":0},"f":{"0":0},"b":{"0":[0,0],"1":[0,0],"2":[0,0],"3":[0,0],"4":[0,0]}}
,"/Users/shuyakinjo/Develop/todo-rest-api/lambda/infrastructures/cognito.ts": {"path":"/Users/shuyakinjo/Develop/todo-rest-api/lambda/infrastructures/cognito.ts","statementMap":{"0":{"start":{"line":1,"column":0},"end":{"line":1,"column":34}},"1":{"start":{"line":2,"column":0},"end":{"line":2,"column":74}},"2":{"start":{"line":4,"column":0},"end":{"line":4,"column":13}},"3":{"start":{"line":10,"column":16},"end":{"line":36,"column":4}},"4":{"start":{"line":15,"column":4},"end":{"line":27,"column":null}},"5":{"start":{"line":17,"column":23},"end":{"line":17,"column":39}},"6":{"start":{"line":18,"column":22},"end":{"line":18,"column":61}},"7":{"start":{"line":19,"column":26},"end":{"line":19,"column":66}},"8":{"start":{"line":20,"column":6},"end":{"line":20,"column":36}},"9":{"start":{"line":21,"column":6},"end":{"line":21,"column":36}},"10":{"start":{"line":22,"column":6},"end":{"line":22,"column":49}},"11":{"start":{"line":24,"column":6},"end":{"line":24,"column":38}},"12":{"start":{"line":25,"column":6},"end":{"line":25,"column":45}},"13":{"start":{"line":26,"column":6},"end":{"line":26,"column":64}},"14":{"start":{"line":30,"column":4},"end":{"line":33,"column":null}},"15":{"start":{"line":31,"column":6},"end":{"line":31,"column":37}},"16":{"start":{"line":32,"column":6},"end":{"line":32,"column":64}},"17":{"start":{"line":35,"column":4},"end":{"line":35,"column":20}}},"fnMap":{"0":{"name":"(anonymous_0)","decl":{"start":{"line":10,"column":41},"end":{"line":10,"column":42}},"loc":{"start":{"line":10,"column":67},"end":{"line":36,"column":3}}}},"branchMap":{"0":{"loc":{"start":{"line":30,"column":4},"end":{"line":33,"column":null}},"type":"if","locations":[{"start":{"line":30,"column":4},"end":{"line":33,"column":null}},{"start":{"line":30,"column":4},"end":{"line":33,"column":null}}]}},"s":{"0":1,"1":1,"2":1,"3":1,"4":0,"5":0,"6":0,"7":0,"8":0,"9":0,"10":0,"11":0,"12":0,"13":0,"14":0,"15":0,"16":0,"17":0},"f":{"0":0},"b":{"0":[0,0]}}
,"/Users/shuyakinjo/Develop/todo-rest-api/lambda/infrastructures/dynamodbTodoTable.ts": {"path":"/Users/shuyakinjo/Develop/todo-rest-api/lambda/infrastructures/dynamodbTodoTable.ts","statementMap":{"0":{"start":{"line":1,"column":0},"end":{"line":1,"column":31}},"1":{"start":{"line":2,"column":0},"end":{"line":2,"column":null}},"2":{"start":{"line":8,"column":18},"end":{"line":8,"column":75}},"3":{"start":{"line":9,"column":15},"end":{"line":9,"column":39}},"4":{"start":{"line":11,"column":0},"end":{"line":13,"column":3}},"5":{"start":{"line":14,"column":13},"end":{"line":14,"column":56}},"6":{"start":{"line":16,"column":20},"end":{"line":25,"column":4}},"7":{"start":{"line":17,"column":2},"end":{"line":25,"column":4}},"8":{"start":{"line":18,"column":4},"end":{"line":24,"column":7}},"9":{"start":{"line":19,"column":6},"end":{"line":23,"column":null}},"10":{"start":{"line":20,"column":8},"end":{"line":20,"column":22}},"11":{"start":{"line":22,"column":8},"end":{"line":22,"column":24}},"12":{"start":{"line":33,"column":0},"end":{"line":33,"column":13}},"13":{"start":{"line":42,"column":16},"end":{"line":64,"column":9}},"14":{"start":{"line":43,"column":4},"end":{"line":64,"column":8}},"15":{"start":{"line":44,"column":6},"end":{"line":49,"column":null}},"16":{"start":{"line":53,"column":8},"end":{"line":55,"column":10}},"17":{"start":{"line":56,"column":8},"end":{"line":56,"column":29}},"18":{"start":{"line":59,"column":8},"end":{"line":61,"column":10}},"19":{"start":{"line":62,"column":8},"end":{"line":62,"column":39}},"20":{"start":{"line":63,"column":8},"end":{"line":63,"column":63}}},"fnMap":{"0":{"name":"(anonymous_0)","decl":{"start":{"line":16,"column":20},"end":{"line":16,"column":21}},"loc":{"start":{"line":17,"column":2},"end":{"line":25,"column":4}}},"1":{"name":"(anonymous_1)","decl":{"start":{"line":17,"column":14},"end":{"line":17,"column":15}},"loc":{"start":{"line":17,"column":34},"end":{"line":25,"column":3}}},"2":{"name":"(anonymous_2)","decl":{"start":{"line":18,"column":9},"end":{"line":18,"column":10}},"loc":{"start":{"line":18,"column":37},"end":{"line":24,"column":5}}},"3":{"name":"(anonymous_3)","decl":{"start":{"line":42,"column":26},"end":{"line":42,"column":27}},"loc":{"start":{"line":43,"column":4},"end":{"line":64,"column":8}}},"4":{"name":"(anonymous_4)","decl":{"start":{"line":43,"column":16},"end":{"line":43,"column":17}},"loc":{"start":{"line":44,"column":6},"end":{"line":49,"column":null}}},"5":{"name":"(anonymous_5)","decl":{"start":{"line":52,"column":12},"end":{"line":52,"column":13}},"loc":{"start":{"line":52,"column":30},"end":{"line":57,"column":7}}},"6":{"name":"(anonymous_6)","decl":{"start":{"line":58,"column":13},"end":{"line":58,"column":14}},"loc":{"start":{"line":58,"column":19},"end":{"line":64,"column":7}}}},"branchMap":{"0":{"loc":{"start":{"line":8,"column":18},"end":{"line":8,"column":49}},"type":"binary-expr","locations":[{"start":{"line":8,"column":18},"end":{"line":8,"column":49}},{"start":{"line":8,"column":53},"end":{"line":8,"column":75}}]},"1":{"loc":{"start":{"line":9,"column":15},"end":{"line":9,"column":33}},"type":"binary-expr","locations":[{"start":{"line":9,"column":15},"end":{"line":9,"column":33}},{"start":{"line":9,"column":37},"end":{"line":9,"column":39}}]},"2":{"loc":{"start":{"line":19,"column":6},"end":{"line":23,"column":null}},"type":"if","locations":[{"start":{"line":19,"column":6},"end":{"line":23,"column":null}},{"start":{"line":19,"column":6},"end":{"line":23,"column":null}}]}},"s":{"0":1,"1":1,"2":1,"3":1,"4":1,"5":1,"6":1,"7":0,"8":0,"9":0,"10":0,"11":0,"12":1,"13":1,"14":0,"15":0,"16":0,"17":0,"18":0,"19":0,"20":0},"f":{"0":0,"1":0,"2":0,"3":0,"4":0,"5":0,"6":0},"b":{"0":[1,1],"1":[1,1],"2":[0,0]}}
}
