TN:
SF:lib/environment.ts
FN:64,getVariablesOf
FNF:1
FNH:1
FNDA:3,getVariablesOf
DA:4,1
DA:21,1
DA:41,1
DA:64,1
DA:65,3
LF:5
LH:5
BRF:0
BRH:0
end_of_record
TN:
SF:lib/utility.ts
FN:11,(anonymous_0)
FNF:1
FNH:1
FNDA:153,(anonymous_0)
DA:11,1
DA:12,153
LF:2
LH:2
BRF:0
BRH:0
end_of_record
TN:
SF:lib/construct/authentication.ts
FN:16,(anonymous_0)
FNF:1
FNH:1
FNDA:9,(anonymous_0)
DA:1,1
DA:2,1
DA:3,1
DA:4,1
DA:11,1
DA:17,9
DA:19,9
DA:20,9
DA:24,9
DA:27,9
DA:38,9
DA:46,9
DA:48,9
LF:13
LH:13
BRDA:25,0,0,3
BRDA:25,0,1,6
BRF:2
BRH:2
end_of_record
TN:
SF:lib/construct/serverlessApi.ts
FN:30,(anonymous_0)
FNF:1
FNH:1
FNDA:6,(anonymous_0)
DA:1,1
DA:2,1
DA:3,1
DA:4,1
DA:5,1
DA:6,1
DA:8,1
DA:9,1
DA:18,1
DA:21,6
DA:31,6
DA:33,6
DA:34,6
DA:40,6
DA:43,6
DA:58,6
DA:72,6
DA:86,6
DA:100,6
DA:114,6
DA:128,6
DA:147,6
DA:860,6
DA:885,6
DA:889,6
DA:893,6
DA:897,6
DA:901,6
DA:907,6
DA:908,6
DA:909,6
DA:910,6
DA:911,6
LF:33
LH:33
BRDA:41,0,0,2
BRDA:41,0,1,4
BRF:2
BRH:2
end_of_record
TN:
SF:lib/stack/app-stack.ts
FN:9,(anonymous_0)
FNF:1
FNH:1
FNDA:3,(anonymous_0)
DA:1,1
DA:2,1
DA:4,1
DA:5,1
DA:8,1
DA:15,3
DA:17,3
DA:18,3
DA:21,3
DA:28,3
LF:10
LH:10
BRF:0
BRH:0
end_of_record
